c:\users\minev\repo_miro\alien-annihilation\alien-annihilation\debug\vc143.pdb
c:\users\minev\repo_miro\alien-annihilation\alien-annihilation\debug\vc143.idb
c:\users\minev\repo_miro\alien-annihilation\alien-annihilation\debug\ship.obj
c:\users\minev\repo_miro\alien-annihilation\alien-annihilation\debug\settings.obj
c:\users\minev\repo_miro\alien-annihilation\alien-annihilation\debug\playership.obj
c:\users\minev\repo_miro\alien-annihilation\alien-annihilation\debug\playermissile.obj
c:\users\minev\repo_miro\alien-annihilation\alien-annihilation\debug\missile.obj
c:\users\minev\repo_miro\alien-annihilation\alien-annihilation\debug\main.obj
c:\users\minev\repo_miro\alien-annihilation\alien-annihilation\debug\input.obj
c:\users\minev\repo_miro\alien-annihilation\alien-annihilation\debug\graphics.obj
c:\users\minev\repo_miro\alien-annihilation\alien-annihilation\debug\game.obj
c:\users\minev\repo_miro\alien-annihilation\alien-annihilation\debug\battlefield.obj
c:\users\minev\repo_miro\alien-annihilation\alien-annihilation\debug\alienship.obj
c:\users\minev\repo_miro\alien-annihilation\alien-annihilation\debug\alienmissile.obj
c:\users\minev\repo_miro\alien-annihilation\alien-annihilation\debug\alien-annihilation.ilk
c:\users\minev\repo_miro\alien-annihilation\debug\alien-annihilation.exe
c:\users\minev\repo_miro\alien-annihilation\debug\alien-annihilation.pdb
c:\users\minev\repo_miro\alien-annihilation\alien-annihilation\debug\alien-an.a86ebdd9.tlog\cl.command.1.tlog
c:\users\minev\repo_miro\alien-annihilation\alien-annihilation\debug\alien-an.a86ebdd9.tlog\cl.items.tlog
c:\users\minev\repo_miro\alien-annihilation\alien-annihilation\debug\alien-an.a86ebdd9.tlog\cl.read.1.tlog
c:\users\minev\repo_miro\alien-annihilation\alien-annihilation\debug\alien-an.a86ebdd9.tlog\cl.write.1.tlog
c:\users\minev\repo_miro\alien-annihilation\alien-annihilation\debug\alien-an.a86ebdd9.tlog\link.command.1.tlog
c:\users\minev\repo_miro\alien-annihilation\alien-annihilation\debug\alien-an.a86ebdd9.tlog\link.read.1.tlog
c:\users\minev\repo_miro\alien-annihilation\alien-annihilation\debug\alien-an.a86ebdd9.tlog\link.write.1.tlog
